<?xml version="1.0" encoding="UTF-8"?>
<!-- Generated by org.testng.reporters.JUnitXMLReporter -->
<testsuite hostname="DESKTOP-35CJCDD" name="Default test" tests="3" failures="0" timestamp="15 Mar 2017 19:16:11 GMT" time="1.193" errors="0">
  <testcase name="testMonthlyScenario" time="0.104" classname="com.ooyala.test.MonthlyScenarioTest"/>
  <testcase name="testMonthlyScenario" time="1.01" classname="com.ooyala.test.MonthlyScenarioTest"/>
  <testcase name="testMonthlyScenario" time="0.009" classname="com.ooyala.test.MonthlyScenarioTest"/>
</testsuite> <!-- Default test -->
