<?xml version="1.0" encoding="UTF-8"?>
<!-- Generated by org.testng.reporters.JUnitXMLReporter -->
<testsuite hostname="DESKTOP-35CJCDD" name="Command line test" tests="6" failures="0" timestamp="15 Mar 2017 19:04:52 GMT" time="1.304" errors="0">
  <testcase name="testGcd" time="0.016" classname="com.ooyala.test.GcdTest"/>
  <testcase name="testGcd" time="0.0" classname="com.ooyala.test.GcdTest"/>
  <testcase name="testGcd" time="0.0" classname="com.ooyala.test.GcdTest"/>
  <testcase name="testMonthlyScenario" time="0.054" classname="com.ooyala.test.MonthlyScenarioTest"/>
  <testcase name="testMonthlyScenario" time="1.234" classname="com.ooyala.test.MonthlyScenarioTest"/>
  <testcase name="testMonthlyScenario" time="0.0" classname="com.ooyala.test.MonthlyScenarioTest"/>
</testsuite> <!-- Command line test -->
